Loading required package: sp
Linking to GEOS 3.10.2, GDAL 3.4.2, PROJ 9.0.0; sf_use_s2() is TRUE
Please note that rgdal will be retired during 2023,
plan transition to sf/stars/terra functions using GDAL and PROJ
at your earliest convenience.
See https://r-spatial.org/r/2022/04/12/evolution.html and https://github.com/r-spatial/evolution
rgdal: version: 1.6-4, (SVN revision 1196)
Geospatial Data Abstraction Library extensions to R successfully loaded
Loaded GDAL runtime: GDAL 3.4.2, released 2022/03/08
Path to GDAL shared files: /mnt/hc-storage/modules/libs/gdal/3.4.2/share/gdal
GDAL binary built with GEOS: FALSE 
Loaded PROJ runtime: Rel. 9.0.0, March 1st, 2022, [PJ_VERSION: 900]
Path to PROJ shared files: /home/cgra/.local/share/proj:/mnt/hc-storage/modules/libs/proj/9.0.0/share/proj:/mnt/hc-storage/modules/libs/proj/9.0.0/share/proj
PROJ CDN enabled: FALSE
Linking to sp version:1.5-1
To mute warnings of possible GDAL/OSR exportToProj4() degradation,
use options("rgdal_show_exportToProj4_warnings"="none") before loading sp or rgdal.

Attaching package: ‘dplyr’

The following objects are masked from ‘package:raster’:

    intersect, select, union

The following objects are masked from ‘package:stats’:

    filter, lag

The following objects are masked from ‘package:base’:

    intersect, setdiff, setequal, union

Checking rgeos availability: TRUE
Please note that 'maptools' will be retired during 2023,
plan transition at your earliest convenience;
some functionality will be moved to 'sp'.
Error in x$.self$finalize() : attempt to apply non-function
Error in x$.self$finalize() : attempt to apply non-function
Error in x$.self$finalize() : attempt to apply non-function
Error in x$.self$finalize() : attempt to apply non-function
Error in x$.self$finalize() : attempt to apply non-function
Error in x$.self$finalize() : attempt to apply non-function
Error in x$.self$finalize() : attempt to apply non-function
Error in solve.default(M0, w, tol = exp(-255)) : 
  Lapack routine dgesv: system is exactly singular: U[2,2] = 0
Calls: Condatis -> solve -> solve.default
Execution halted
